<?xml version="1.0" encoding="UTF-8"?>
<!-- Generated by org.testng.reporters.JUnitXMLReporter -->
<testsuite ignored="0" hostname="sales2-IT33" failures="0" tests="4" name="Default test" time="10.433" errors="0" timestamp="2025-07-03T08:56:35 CDT">
  <testcase classname="tests.VerifyAllSeoTest" name="robotsTxtChecker" time="0.372"/>
  <testcase classname="tests.VerifyAllSeoTest" name="canonicalTagChecker" time="0.05"/>
  <testcase classname="tests.VerifyAllSeoTest" name="metaTagsChecker" time="0.049"/>
  <testcase classname="tests.VerifyAllSeoTest" name="robotsMetaTagChecker" time="0.012"/>
</testsuite> <!-- Default test -->
