<?xml version="1.0" encoding="UTF-8"?>
<!-- Generated by org.testng.reporters.JUnitXMLReporter -->
<testsuite ignored="0" hostname="sales2-IT33" failures="0" tests="3" name="allSeoTest" time="6.534" errors="0" timestamp="2025-06-02T07:48:52 BST">
  <testcase classname="tests.allSeoTest" name="robotsTxtChecker" time="0.853"/>
  <testcase classname="tests.allSeoTest" name="canonicalTagChecker" time="0.013"/>
  <testcase classname="tests.allSeoTest" name="metaTagsChecker" time="0.058"/>
</testsuite> <!-- allSeoTest -->
