<?xml version="1.0" encoding="UTF-8"?>
<!-- Generated by org.testng.reporters.JUnitXMLReporter -->
<testsuite ignored="0" hostname="sales2-IT33" failures="0" tests="4" name="SubmitAllEnquiriesTest" time="112.564" errors="0" timestamp="2025-06-02T07:54:43 BST">
  <testcase classname="tests.SubmitAllEnquiriesTest" name="submitContactUsEnquiry" time="3.569"/>
  <testcase classname="tests.SubmitAllEnquiriesTest" name="submitGroupBookingEnquiry" time="3.422"/>
  <testcase classname="tests.SubmitAllEnquiriesTest" name="searchDeal" time="19.927"/>
  <testcase classname="tests.SubmitAllEnquiriesTest" name="testEnquiryAndDealClick" time="80.803"/>
</testsuite> <!-- SubmitAllEnquiriesTest -->
