<?xml version="1.0" encoding="UTF-8"?>
<!-- Generated by org.testng.reporters.JUnitXMLReporter -->
<testsuite ignored="0" hostname="sales2-IT33" failures="0" tests="4" name="VerifyFiltersAndSortingTest" time="131.347" errors="0" timestamp="2025-06-02T07:58:20 BST">
  <testcase classname="tests.VerifyFiltersAndSortingTest" name="verifyRatingFilterCounts" time="50.896"/>
  <testcase classname="tests.VerifyFiltersAndSortingTest" name="testPriceFilter500to1000" time="20.914"/>
  <testcase classname="tests.VerifyFiltersAndSortingTest" name="testFilterByFiveToTenNights" time="23.915"/>
  <testcase classname="tests.VerifyFiltersAndSortingTest" name="verifySortingFilterCounts" time="30.121"/>
</testsuite> <!-- VerifyFiltersAndSortingTest -->
