<?xml version="1.0" encoding="UTF-8"?>
<!-- Generated by org.testng.reporters.JUnitXMLReporter -->
<testsuite ignored="0" hostname="sales2-IT33" failures="0" tests="5" name="ChromeTests" time="20.636" errors="0" timestamp="2025-06-03T11:39:43 BST">
  <testcase classname="tests.VerifyTrendingDestinationsRandomTest" name="clickTwoRandomTrendingDestinationsWithFaqCheck" time="8.842"/>
  <testcase classname="tests.VerifyAllSeoTest" name="robotsTxtChecker" time="0.744"/>
  <testcase classname="tests.VerifyAllSeoTest" name="canonicalTagChecker" time="0.009"/>
  <testcase classname="tests.VerifyAllSeoTest" name="metaTagsChecker" time="0.041"/>
  <testcase classname="tests.VerifyAllSeoTest" name="robotsMetaTagChecker" time="0.007"/>
</testsuite> <!-- ChromeTests -->
