<?xml version="1.0" encoding="UTF-8"?>
<!-- Generated by org.testng.reporters.JUnitXMLReporter -->
<testsuite ignored="0" hostname="sales2-IT33" failures="0" tests="3" name="EdgeTests" time="31.62" errors="0" timestamp="2025-06-02T10:47:32 BST">
  <testcase classname="tests.VerifyAllSeoTest" name="robotsTxtChecker" time="0.747"/>
  <testcase classname="tests.VerifyAllSeoTest" name="canonicalTagChecker" time="0.009"/>
  <testcase classname="tests.VerifyAllSeoTest" name="metaTagsChecker" time="0.038"/>
</testsuite> <!-- EdgeTests -->
