<?xml version="1.0" encoding="UTF-8"?>
<!-- Generated by org.testng.reporters.JUnitXMLReporter -->
<testsuite ignored="0" hostname="sales2-IT33" failures="0" tests="3" name="FirefoxTests" time="11.61" errors="0" timestamp="2025-06-02T10:47:12 BST">
  <testcase classname="tests.VerifyAllSeoTest" name="robotsTxtChecker" time="1.113"/>
  <testcase classname="tests.VerifyAllSeoTest" name="canonicalTagChecker" time="0.009"/>
  <testcase classname="tests.VerifyAllSeoTest" name="metaTagsChecker" time="0.079"/>
</testsuite> <!-- FirefoxTests -->
