<?xml version="1.0" encoding="UTF-8"?>
<testng-results ignored="0" total="4" passed="4" failed="0" skipped="0">
  <reporter-output>
  </reporter-output>
  <suite started-at="2025-07-03T08:56:25 CDT" name="Default suite" finished-at="2025-07-03T08:56:35 CDT" duration-ms="10433">
    <groups>
    </groups>
    <test started-at="2025-07-03T08:56:25 CDT" name="Default test" finished-at="2025-07-03T08:56:35 CDT" duration-ms="10433">
      <class name="tests.VerifyAllSeoTest">
        <test-method is-config="true" signature="setup(java.lang.String)[pri:0, instance:tests.VerifyAllSeoTest@33bc72d1]" started-at="2025-07-03T08:56:25 CDT" name="setup" finished-at="2025-07-03T08:56:34 CDT" duration-ms="9248" status="PASS">
          <params>
            <param index="0">
              <value>
                <![CDATA[chrome]]>
              </value>
            </param>
          </params>
          <reporter-output>
          </reporter-output>
        </test-method> <!-- setup -->
        <test-method signature="robotsTxtChecker()[pri:1, instance:tests.VerifyAllSeoTest@33bc72d1]" started-at="2025-07-03T08:56:34 CDT" name="robotsTxtChecker" finished-at="2025-07-03T08:56:34 CDT" duration-ms="372" status="PASS">
          <reporter-output>
          </reporter-output>
        </test-method> <!-- robotsTxtChecker -->
        <test-method signature="canonicalTagChecker()[pri:2, instance:tests.VerifyAllSeoTest@33bc72d1]" started-at="2025-07-03T08:56:34 CDT" name="canonicalTagChecker" finished-at="2025-07-03T08:56:34 CDT" duration-ms="50" status="PASS">
          <reporter-output>
          </reporter-output>
        </test-method> <!-- canonicalTagChecker -->
        <test-method signature="metaTagsChecker()[pri:3, instance:tests.VerifyAllSeoTest@33bc72d1]" started-at="2025-07-03T08:56:34 CDT" name="metaTagsChecker" finished-at="2025-07-03T08:56:34 CDT" duration-ms="49" status="PASS">
          <reporter-output>
          </reporter-output>
        </test-method> <!-- metaTagsChecker -->
        <test-method signature="robotsMetaTagChecker()[pri:4, instance:tests.VerifyAllSeoTest@33bc72d1]" started-at="2025-07-03T08:56:34 CDT" name="robotsMetaTagChecker" finished-at="2025-07-03T08:56:34 CDT" duration-ms="12" status="PASS">
          <reporter-output>
          </reporter-output>
        </test-method> <!-- robotsMetaTagChecker -->
        <test-method is-config="true" signature="teardown()[pri:0, instance:tests.VerifyAllSeoTest@33bc72d1]" started-at="2025-07-03T08:56:34 CDT" name="teardown" finished-at="2025-07-03T08:56:35 CDT" duration-ms="668" status="PASS">
          <reporter-output>
          </reporter-output>
        </test-method> <!-- teardown -->
      </class> <!-- tests.VerifyAllSeoTest -->
    </test> <!-- Default test -->
  </suite> <!-- Default suite -->
</testng-results>
